<?xml version="1.0" encoding="UTF-8"?>
<testng-results skipped="0" failed="2" ignored="0" total="9" passed="7">
  <reporter-output>
  </reporter-output>
  <suite name="Suite" duration-ms="39874" started-at="2021-04-02T14:07:20 IST" finished-at="2021-04-02T14:07:59 IST">
    <groups>
    </groups>
    <test name="HomePage" duration-ms="39874" started-at="2021-04-02T14:07:20 IST" finished-at="2021-04-02T14:07:59 IST">
      <class name="Acacemy.Homepage">
        <test-method status="PASS" signature="initialization()[pri:0, instance:Acacemy.Homepage@6d4d66d2]" name="initialization" is-config="true" duration-ms="3024" started-at="2021-04-02T14:07:20 IST" finished-at="2021-04-02T14:07:23 IST">
          <reporter-output>
          </reporter-output>
        </test-method> <!-- initialization -->
        <test-method status="PASS" signature="baselogin(java.lang.String, java.lang.String)[pri:0, instance:Acacemy.Homepage@6d4d66d2]" name="baselogin" duration-ms="4231" started-at="2021-04-02T14:07:23 IST" data-provider="getData" finished-at="2021-04-02T14:07:27 IST">
          <params>
            <param index="0">
              <value>
                <![CDATA[menna+automation@intellisense.io]]>
              </value>
            </param>
            <param index="1">
              <value>
                <![CDATA[MAQA1$test]]>
              </value>
            </param>
          </params>
          <reporter-output>
          </reporter-output>
        </test-method> <!-- baselogin -->
        <test-method status="PASS" signature="dashBoard554()[pri:0, instance:Acacemy.Homepage@6d4d66d2]" name="dashBoard554" duration-ms="1713" started-at="2021-04-02T14:07:27 IST" finished-at="2021-04-02T14:07:29 IST">
          <reporter-output>
          </reporter-output>
        </test-method> <!-- dashBoard554 -->
        <test-method status="PASS" signature="duplicateDashBoard()[pri:0, instance:Acacemy.Homepage@6d4d66d2]" name="duplicateDashBoard" duration-ms="1578" started-at="2021-04-02T14:07:29 IST" finished-at="2021-04-02T14:07:30 IST">
          <reporter-output>
          </reporter-output>
        </test-method> <!-- duplicateDashBoard -->
        <test-method status="PASS" signature="homePageDashBoard()[pri:0, instance:Acacemy.Homepage@6d4d66d2]" name="homePageDashBoard" duration-ms="2344" started-at="2021-04-02T14:07:30 IST" finished-at="2021-04-02T14:07:33 IST">
          <reporter-output>
          </reporter-output>
        </test-method> <!-- homePageDashBoard -->
        <test-method status="PASS" signature="linkCreateWidget()[pri:0, instance:Acacemy.Homepage@6d4d66d2]" name="linkCreateWidget" duration-ms="4936" started-at="2021-04-02T14:07:33 IST" finished-at="2021-04-02T14:07:38 IST">
          <reporter-output>
          </reporter-output>
        </test-method> <!-- linkCreateWidget -->
        <test-method status="PASS" signature="linkDashboard()[pri:0, instance:Acacemy.Homepage@6d4d66d2]" name="linkDashboard" duration-ms="5361" started-at="2021-04-02T14:07:38 IST" finished-at="2021-04-02T14:07:43 IST">
          <reporter-output>
          </reporter-output>
        </test-method> <!-- linkDashboard -->
        <test-method status="PASS" signature="linkuseDashBoard()[pri:0, instance:Acacemy.Homepage@6d4d66d2]" name="linkuseDashBoard" duration-ms="5077" started-at="2021-04-02T14:07:43 IST" finished-at="2021-04-02T14:07:48 IST">
          <reporter-output>
          </reporter-output>
        </test-method> <!-- linkuseDashBoard -->
        <test-method status="FAIL" signature="urlHomePage()[pri:0, instance:Acacemy.Homepage@6d4d66d2]" name="urlHomePage" duration-ms="3669" started-at="2021-04-02T14:07:48 IST" finished-at="2021-04-02T14:07:52 IST">
          <exception class="org.openqa.selenium.ElementClickInterceptedException">
            <message>
              <![CDATA[element click intercepted: Element <a class="product-tour" ng-href="?product_tour_id=34973#!/id/dashboards/665" href="?product_tour_id=34973#!/id/dashboards/665">...</a> is not clickable at point (195, 198). Other element would receive the click: <li ng-click="log(subitem.link)" data-ng-if="subitem.shouldRender(authentication.user);" ui-route="/id/dashboards/460" ng-class="{active: $uiRoute, hasPlus: hasIcon(subitem)}" data-ng-bind="subitem.title | i18n">...</li>
  (Session info: chrome=89.0.4389.114)
Build info: version: '3.141.59', revision: 'e82be7d358', time: '2018-11-14T08:17:03'
System info: host: 'LAPTOP-M4N4JHAP', ip: '192.168.1.11', os.name: 'Windows 10', os.arch: 'amd64', os.version: '10.0', java.version: '1.8.0_251'
Driver info: org.openqa.selenium.chrome.ChromeDriver
Capabilities {acceptInsecureCerts: false, browserName: chrome, browserVersion: 89.0.4389.114, chrome: {chromedriverVersion: 89.0.4389.23 (61b08ee2c5002..., userDataDir: C:\Users\navee\AppData\Loca...}, goog:chromeOptions: {debuggerAddress: localhost:65190}, javascriptEnabled: true, networkConnectionEnabled: false, pageLoadStrategy: normal, platform: WINDOWS, platformName: WINDOWS, proxy: Proxy(), setWindowRect: true, strictFileInteractability: false, timeouts: {implicit: 0, pageLoad: 300000, script: 30000}, unhandledPromptBehavior: dismiss and notify, webauthn:extension:largeBlob: true, webauthn:virtualAuthenticators: true}
Session ID: 4962499ed15ed3ad335af045da29135f]]>
            </message>
            <full-stacktrace>
              <![CDATA[org.openqa.selenium.ElementClickInterceptedException: element click intercepted: Element <a class="product-tour" ng-href="?product_tour_id=34973#!/id/dashboards/665" href="?product_tour_id=34973#!/id/dashboards/665">...</a> is not clickable at point (195, 198). Other element would receive the click: <li ng-click="log(subitem.link)" data-ng-if="subitem.shouldRender(authentication.user);" ui-route="/id/dashboards/460" ng-class="{active: $uiRoute, hasPlus: hasIcon(subitem)}" data-ng-bind="subitem.title | i18n">...</li>
  (Session info: chrome=89.0.4389.114)
Build info: version: '3.141.59', revision: 'e82be7d358', time: '2018-11-14T08:17:03'
System info: host: 'LAPTOP-M4N4JHAP', ip: '192.168.1.11', os.name: 'Windows 10', os.arch: 'amd64', os.version: '10.0', java.version: '1.8.0_251'
Driver info: org.openqa.selenium.chrome.ChromeDriver
Capabilities {acceptInsecureCerts: false, browserName: chrome, browserVersion: 89.0.4389.114, chrome: {chromedriverVersion: 89.0.4389.23 (61b08ee2c5002..., userDataDir: C:\Users\navee\AppData\Loca...}, goog:chromeOptions: {debuggerAddress: localhost:65190}, javascriptEnabled: true, networkConnectionEnabled: false, pageLoadStrategy: normal, platform: WINDOWS, platformName: WINDOWS, proxy: Proxy(), setWindowRect: true, strictFileInteractability: false, timeouts: {implicit: 0, pageLoad: 300000, script: 30000}, unhandledPromptBehavior: dismiss and notify, webauthn:extension:largeBlob: true, webauthn:virtualAuthenticators: true}
Session ID: 4962499ed15ed3ad335af045da29135f
at sun.reflect.NativeConstructorAccessorImpl.newInstance0(Native Method)
at sun.reflect.NativeConstructorAccessorImpl.newInstance(NativeConstructorAccessorImpl.java:62)
at sun.reflect.DelegatingConstructorAccessorImpl.newInstance(DelegatingConstructorAccessorImpl.java:45)
at java.lang.reflect.Constructor.newInstance(Constructor.java:423)
at org.openqa.selenium.remote.http.W3CHttpResponseCodec.createException(W3CHttpResponseCodec.java:187)
at org.openqa.selenium.remote.http.W3CHttpResponseCodec.decode(W3CHttpResponseCodec.java:122)
at org.openqa.selenium.remote.http.W3CHttpResponseCodec.decode(W3CHttpResponseCodec.java:49)
at org.openqa.selenium.remote.HttpCommandExecutor.execute(HttpCommandExecutor.java:158)
at org.openqa.selenium.remote.service.DriverCommandExecutor.execute(DriverCommandExecutor.java:83)
at org.openqa.selenium.remote.RemoteWebDriver.execute(RemoteWebDriver.java:552)
at org.openqa.selenium.remote.RemoteWebElement.execute(RemoteWebElement.java:285)
at org.openqa.selenium.remote.RemoteWebElement.click(RemoteWebElement.java:84)
at Acacemy.Homepage.urlHomePage(Homepage.java:73)
at sun.reflect.NativeMethodAccessorImpl.invoke0(Native Method)
at sun.reflect.NativeMethodAccessorImpl.invoke(NativeMethodAccessorImpl.java:62)
at sun.reflect.DelegatingMethodAccessorImpl.invoke(DelegatingMethodAccessorImpl.java:43)
at java.lang.reflect.Method.invoke(Method.java:498)
at org.testng.internal.MethodInvocationHelper.invokeMethod(MethodInvocationHelper.java:132)
at org.testng.internal.TestInvoker.invokeMethod(TestInvoker.java:599)
at org.testng.internal.TestInvoker.invokeTestMethod(TestInvoker.java:174)
at org.testng.internal.MethodRunner.runInSequence(MethodRunner.java:46)
at org.testng.internal.TestInvoker$MethodInvocationAgent.invoke(TestInvoker.java:822)
at org.testng.internal.TestInvoker.invokeTestMethods(TestInvoker.java:147)
at org.testng.internal.TestMethodWorker.invokeTestMethods(TestMethodWorker.java:146)
at org.testng.internal.TestMethodWorker.run(TestMethodWorker.java:128)
at java.util.ArrayList.forEach(ArrayList.java:1257)
at org.testng.TestRunner.privateRun(TestRunner.java:764)
at org.testng.TestRunner.run(TestRunner.java:585)
at org.testng.SuiteRunner.runTest(SuiteRunner.java:384)
at org.testng.SuiteRunner.access$000(SuiteRunner.java:28)
at org.testng.SuiteRunner$SuiteWorker.run(SuiteRunner.java:425)
at org.testng.internal.thread.ThreadUtil.lambda$execute$0(ThreadUtil.java:66)
at java.util.concurrent.FutureTask.run(FutureTask.java:266)
at java.util.concurrent.ThreadPoolExecutor.runWorker(ThreadPoolExecutor.java:1149)
at java.util.concurrent.ThreadPoolExecutor$Worker.run(ThreadPoolExecutor.java:624)
at java.lang.Thread.run(Thread.java:748)
]]>
            </full-stacktrace>
          </exception> <!-- org.openqa.selenium.ElementClickInterceptedException -->
          <reporter-output>
          </reporter-output>
        </test-method> <!-- urlHomePage -->
        <test-method status="FAIL" signature="urlhomePageIntellisense()[pri:0, instance:Acacemy.Homepage@6d4d66d2]" name="urlhomePageIntellisense" duration-ms="1231" started-at="2021-04-02T14:07:52 IST" finished-at="2021-04-02T14:07:54 IST">
          <exception class="org.openqa.selenium.ElementClickInterceptedException">
            <message>
              <![CDATA[element click intercepted: Element <li class="btn btn-primary" title="Set as Homepage" ng-click="dashboardExists() &amp;&amp; setHomepage()" ng-class="isActive(dashboardExists) " style="">...</li> is not clickable at point (1264, 162). Other element would receive the click: <li ng-click="log(subitem.link)" data-ng-if="subitem.shouldRender(authentication.user);" ui-route="/id/dashboards/634" ng-class="{active: $uiRoute, hasPlus: hasIcon(subitem)}" data-ng-bind="subitem.title | i18n">...</li>
  (Session info: chrome=89.0.4389.114)
Build info: version: '3.141.59', revision: 'e82be7d358', time: '2018-11-14T08:17:03'
System info: host: 'LAPTOP-M4N4JHAP', ip: '192.168.1.11', os.name: 'Windows 10', os.arch: 'amd64', os.version: '10.0', java.version: '1.8.0_251'
Driver info: org.openqa.selenium.chrome.ChromeDriver
Capabilities {acceptInsecureCerts: false, browserName: chrome, browserVersion: 89.0.4389.114, chrome: {chromedriverVersion: 89.0.4389.23 (61b08ee2c5002..., userDataDir: C:\Users\navee\AppData\Loca...}, goog:chromeOptions: {debuggerAddress: localhost:65190}, javascriptEnabled: true, networkConnectionEnabled: false, pageLoadStrategy: normal, platform: WINDOWS, platformName: WINDOWS, proxy: Proxy(), setWindowRect: true, strictFileInteractability: false, timeouts: {implicit: 0, pageLoad: 300000, script: 30000}, unhandledPromptBehavior: dismiss and notify, webauthn:extension:largeBlob: true, webauthn:virtualAuthenticators: true}
Session ID: 4962499ed15ed3ad335af045da29135f]]>
            </message>
            <full-stacktrace>
              <![CDATA[org.openqa.selenium.ElementClickInterceptedException: element click intercepted: Element <li class="btn btn-primary" title="Set as Homepage" ng-click="dashboardExists() &amp;&amp; setHomepage()" ng-class="isActive(dashboardExists) " style="">...</li> is not clickable at point (1264, 162). Other element would receive the click: <li ng-click="log(subitem.link)" data-ng-if="subitem.shouldRender(authentication.user);" ui-route="/id/dashboards/634" ng-class="{active: $uiRoute, hasPlus: hasIcon(subitem)}" data-ng-bind="subitem.title | i18n">...</li>
  (Session info: chrome=89.0.4389.114)
Build info: version: '3.141.59', revision: 'e82be7d358', time: '2018-11-14T08:17:03'
System info: host: 'LAPTOP-M4N4JHAP', ip: '192.168.1.11', os.name: 'Windows 10', os.arch: 'amd64', os.version: '10.0', java.version: '1.8.0_251'
Driver info: org.openqa.selenium.chrome.ChromeDriver
Capabilities {acceptInsecureCerts: false, browserName: chrome, browserVersion: 89.0.4389.114, chrome: {chromedriverVersion: 89.0.4389.23 (61b08ee2c5002..., userDataDir: C:\Users\navee\AppData\Loca...}, goog:chromeOptions: {debuggerAddress: localhost:65190}, javascriptEnabled: true, networkConnectionEnabled: false, pageLoadStrategy: normal, platform: WINDOWS, platformName: WINDOWS, proxy: Proxy(), setWindowRect: true, strictFileInteractability: false, timeouts: {implicit: 0, pageLoad: 300000, script: 30000}, unhandledPromptBehavior: dismiss and notify, webauthn:extension:largeBlob: true, webauthn:virtualAuthenticators: true}
Session ID: 4962499ed15ed3ad335af045da29135f
at sun.reflect.NativeConstructorAccessorImpl.newInstance0(Native Method)
at sun.reflect.NativeConstructorAccessorImpl.newInstance(NativeConstructorAccessorImpl.java:62)
at sun.reflect.DelegatingConstructorAccessorImpl.newInstance(DelegatingConstructorAccessorImpl.java:45)
at java.lang.reflect.Constructor.newInstance(Constructor.java:423)
at org.openqa.selenium.remote.http.W3CHttpResponseCodec.createException(W3CHttpResponseCodec.java:187)
at org.openqa.selenium.remote.http.W3CHttpResponseCodec.decode(W3CHttpResponseCodec.java:122)
at org.openqa.selenium.remote.http.W3CHttpResponseCodec.decode(W3CHttpResponseCodec.java:49)
at org.openqa.selenium.remote.HttpCommandExecutor.execute(HttpCommandExecutor.java:158)
at org.openqa.selenium.remote.service.DriverCommandExecutor.execute(DriverCommandExecutor.java:83)
at org.openqa.selenium.remote.RemoteWebDriver.execute(RemoteWebDriver.java:552)
at org.openqa.selenium.remote.RemoteWebElement.execute(RemoteWebElement.java:285)
at org.openqa.selenium.remote.RemoteWebElement.click(RemoteWebElement.java:84)
at Acacemy.Homepage.urlhomePageIntellisense(Homepage.java:52)
at sun.reflect.NativeMethodAccessorImpl.invoke0(Native Method)
at sun.reflect.NativeMethodAccessorImpl.invoke(NativeMethodAccessorImpl.java:62)
at sun.reflect.DelegatingMethodAccessorImpl.invoke(DelegatingMethodAccessorImpl.java:43)
at java.lang.reflect.Method.invoke(Method.java:498)
at org.testng.internal.MethodInvocationHelper.invokeMethod(MethodInvocationHelper.java:132)
at org.testng.internal.TestInvoker.invokeMethod(TestInvoker.java:599)
at org.testng.internal.TestInvoker.invokeTestMethod(TestInvoker.java:174)
at org.testng.internal.MethodRunner.runInSequence(MethodRunner.java:46)
at org.testng.internal.TestInvoker$MethodInvocationAgent.invoke(TestInvoker.java:822)
at org.testng.internal.TestInvoker.invokeTestMethods(TestInvoker.java:147)
at org.testng.internal.TestMethodWorker.invokeTestMethods(TestMethodWorker.java:146)
at org.testng.internal.TestMethodWorker.run(TestMethodWorker.java:128)
at java.util.ArrayList.forEach(ArrayList.java:1257)
at org.testng.TestRunner.privateRun(TestRunner.java:764)
at org.testng.TestRunner.run(TestRunner.java:585)
at org.testng.SuiteRunner.runTest(SuiteRunner.java:384)
at org.testng.SuiteRunner.access$000(SuiteRunner.java:28)
at org.testng.SuiteRunner$SuiteWorker.run(SuiteRunner.java:425)
at org.testng.internal.thread.ThreadUtil.lambda$execute$0(ThreadUtil.java:66)
at java.util.concurrent.FutureTask.run(FutureTask.java:266)
at java.util.concurrent.ThreadPoolExecutor.runWorker(ThreadPoolExecutor.java:1149)
at java.util.concurrent.ThreadPoolExecutor$Worker.run(ThreadPoolExecutor.java:624)
at java.lang.Thread.run(Thread.java:748)
]]>
            </full-stacktrace>
          </exception> <!-- org.openqa.selenium.ElementClickInterceptedException -->
          <reporter-output>
          </reporter-output>
        </test-method> <!-- urlhomePageIntellisense -->
        <test-method status="PASS" signature="Teardown()[pri:0, instance:Acacemy.Homepage@6d4d66d2]" name="Teardown" is-config="true" duration-ms="5326" started-at="2021-04-02T14:07:54 IST" finished-at="2021-04-02T14:07:59 IST">
          <reporter-output>
          </reporter-output>
        </test-method> <!-- Teardown -->
      </class> <!-- Acacemy.Homepage -->
    </test> <!-- HomePage -->
  </suite> <!-- Suite -->
</testng-results>
