<!DOCTYPE html PUBLIC "-//W3C//DTD XHTML 1.1//EN" "https://www.w3.org/TR/xhtml11/DTD/xhtml11.dtd">
<html xmlns="https://www.w3.org/1999/xhtml">
<head>
<meta http-equiv="content-type" content="text/html; charset=UTF-8"/>
<title>TestNG Report</title>
<style type="text/css">table {margin-bottom:10px;border-collapse:collapse;empty-cells:show}th,td {border:1px solid #009;padding:.25em .5em}th {vertical-align:bottom}td {vertical-align:top}table a {font-weight:bold}.stripe td {background-color: #E6EBF9}.num {text-align:right}.passedodd td {background-color: #3F3}.passedeven td {background-color: #0A0}.skippedodd td {background-color: #DDD}.skippedeven td {background-color: #CCC}.failedodd td,.attn {background-color: #F33}.failedeven td,.stripe .attn {background-color: #D00}.stacktrace {white-space:pre;font-family:monospace}.totop {font-size:85%;text-align:center;border-bottom:2px solid #000}.invisible {display:none}</style>
</head>
<body>
<table>
<tr><th>Test</th><th># Passed</th><th># Skipped</th><th># Retried</th><th># Failed</th><th>Time (ms)</th><th>Included Groups</th><th>Excluded Groups</th></tr>
<tr><th colspan="8">Suite</th></tr>
<tr><td><a href="#t0">UnHappyScen</a></td><td class="num">2</td><td class="num">0</td><td class="num">0</td><td class="num">0</td><td class="num">57,411</td><td></td><td></td></tr>
<tr class="stripe"><td><a href="#t1">UnHappyScen2</a></td><td class="num">1</td><td class="num">0</td><td class="num">0</td><td class="num attn">1</td><td class="num">65,682</td><td></td><td></td></tr>
<tr><td><a href="#t2">UnHappyScen3</a></td><td class="num">1</td><td class="num">0</td><td class="num">0</td><td class="num attn">1</td><td class="num">70,389</td><td></td><td></td></tr>
<tr class="stripe"><td><a href="#t3">UnHappyScen4</a></td><td class="num">1</td><td class="num">0</td><td class="num">0</td><td class="num attn">1</td><td class="num">88,406</td><td></td><td></td></tr>
<tr><td><a href="#t4">HappyScenarios</a></td><td class="num">11</td><td class="num">0</td><td class="num">0</td><td class="num">0</td><td class="num">91,525</td><td></td><td></td></tr>
<tr class="stripe"><td><a href="#t5">UnHappyScen5</a></td><td class="num">1</td><td class="num">0</td><td class="num">0</td><td class="num attn">1</td><td class="num">35,289</td><td></td><td></td></tr>
<tr><th>Total</th><th class="num">17</th><th class="num">0</th><th class="num">0</th><th class="num attn">4</th><th class="num">408,702</th><th colspan="2"></th></tr>
</table>
<table id='summary'><thead><tr><th>Class</th><th>Method</th><th>Start</th><th>Time (ms)</th></tr></thead><tbody><tr><th colspan="4">Suite</th></tr></tbody><tbody id="t0"><tr><th colspan="4">UnHappyScen &#8212; passed</th></tr><tr class="passedeven"><td rowspan="2">Acacemy.UnHappyTests</td><td><a href="#m0">baselogin</a></td><td rowspan="1">1617575893081</td><td rowspan="1">16477</td></tr><tr class="passedeven"><td><a href="#m1">urlhomePageIntellisense</a></td><td rowspan="1">1617575909564</td><td rowspan="1">20305</td></tr></tbody>
<tbody id="t1"><tr><th colspan="4">UnHappyScen2 &#8212; failed</th></tr><tr class="failedeven"><td rowspan="1">Acacemy.UnHappyTests2</td><td><a href="#m2">HomePageURL</a></td><td rowspan="1">1617575909493</td><td rowspan="1">33963</td></tr><tr><th colspan="4">UnHappyScen2 &#8212; passed</th></tr><tr class="passedeven"><td rowspan="1">Acacemy.UnHappyTests2</td><td><a href="#m3">Baselogin</a></td><td rowspan="1">1617575892889</td><td rowspan="1">16147</td></tr></tbody>
<tbody id="t2"><tr><th colspan="4">UnHappyScen3 &#8212; failed</th></tr><tr class="failedeven"><td rowspan="1">Acacemy.UnHappyTests3</td><td><a href="#m4">Links</a></td><td rowspan="1">1617575909962</td><td rowspan="1">20245</td></tr><tr><th colspan="4">UnHappyScen3 &#8212; passed</th></tr><tr class="passedeven"><td rowspan="1">Acacemy.UnHappyTests3</td><td><a href="#m5">Baselogin</a></td><td rowspan="1">1617575893447</td><td rowspan="1">16510</td></tr></tbody>
<tbody id="t3"><tr><th colspan="4">UnHappyScen4 &#8212; failed</th></tr><tr class="failedeven"><td rowspan="1">Acacemy.UnHappyTests4</td><td><a href="#m6">Links</a></td><td rowspan="1">1617575915721</td><td rowspan="1">54531</td></tr><tr><th colspan="4">UnHappyScen4 &#8212; passed</th></tr><tr class="passedeven"><td rowspan="1">Acacemy.UnHappyTests4</td><td><a href="#m7">Baselogin</a></td><td rowspan="1">1617575892888</td><td rowspan="1">22822</td></tr></tbody>
<tbody id="t4"><tr><th colspan="4">HappyScenarios &#8212; passed</th></tr><tr class="passedeven"><td rowspan="11">Acacemy.HappyTests</td><td><a href="#m8">baselogin</a></td><td rowspan="1">1617575892888</td><td rowspan="1">22687</td></tr><tr class="passedeven"><td><a href="#m9">dashBoard554</a></td><td rowspan="1">1617575915584</td><td rowspan="1">9344</td></tr><tr class="passedeven"><td><a href="#m10">disabledCreateWidgetTB</a></td><td rowspan="1">1617575924932</td><td rowspan="1">3906</td></tr><tr class="passedeven"><td><a href="#m11">disabledDeleteTB</a></td><td rowspan="1">1617575928843</td><td rowspan="1">3954</td></tr><tr class="passedeven"><td><a href="#m12">disabledReOrderWidgetTB</a></td><td rowspan="1">1617575932802</td><td rowspan="1">11503</td></tr><tr class="passedeven"><td><a href="#m13">disabledShareTB</a></td><td rowspan="1">1617575944309</td><td rowspan="1">5074</td></tr><tr class="passedeven"><td><a href="#m14">duplicateDashBoard</a></td><td rowspan="1">1617575949389</td><td rowspan="1">4738</td></tr><tr class="passedeven"><td><a href="#m15">homePageDashBoard</a></td><td rowspan="1">1617575954131</td><td rowspan="1">4015</td></tr><tr class="passedeven"><td><a href="#m16">linkCreateWidget</a></td><td rowspan="1">1617575958154</td><td rowspan="1">5934</td></tr><tr class="passedeven"><td><a href="#m17">linkDashboard</a></td><td rowspan="1">1617575964091</td><td rowspan="1">5413</td></tr><tr class="passedeven"><td><a href="#m18">linkuseDashBoard</a></td><td rowspan="1">1617575969508</td><td rowspan="1">5874</td></tr></tbody>
<tbody id="t5"><tr><th colspan="4">UnHappyScen5 &#8212; failed (configuration methods)</th></tr><tr class="failedeven"><td rowspan="1">Acacemy.UnHappyTests5</td><td><a href="#m19">Teardown</a></td><td rowspan="1">1617575968041</td><td rowspan="1">10318</td></tr><tr><th colspan="4">UnHappyScen5 &#8212; failed</th></tr><tr class="failedeven"><td rowspan="1">Acacemy.UnHappyTests5</td><td><a href="#m20">Links</a></td><td rowspan="1">1617575955693</td><td rowspan="1">11850</td></tr><tr><th colspan="4">UnHappyScen5 &#8212; passed</th></tr><tr class="passedeven"><td rowspan="1">Acacemy.UnHappyTests5</td><td><a href="#m21">Baselogin</a></td><td rowspan="1">1617575947147</td><td rowspan="1">8542</td></tr></tbody>
</table>
<h2>UnHappyScen</h2><h3 id="m0">Acacemy.UnHappyTests#baselogin</h3><table class="result"><tr class="param"><th>Parameter #1</th><th>Parameter #2</th></tr><tr class="param stripe"><td>menna+automation@intellisense.io</td><td>MAQA1$test</td></tr></table><p class="totop"><a href="#summary">back to summary</a></p>
<h3 id="m1">Acacemy.UnHappyTests#urlhomePageIntellisense</h3><table class="result"><tr><th class="invisible"/></tr></table><p class="totop"><a href="#summary">back to summary</a></p>
<h2>UnHappyScen2</h2><h3 id="m2">Acacemy.UnHappyTests2#HomePageURL</h3><table class="result"><tr><th>Exception</th></tr><tr><td><div class="stacktrace">java.lang.AssertionError: expected [https://reference-test.intellisense.io/#!/id/dashboards/554] but found [https://reference-test.intellisense.io/?product_tour_id=34973#!/id/dashboards/554]
	at Acacemy.UnHappyTests2.HomePageURL(UnHappyTests2.java:61)
	at java.util.ArrayList.forEach(ArrayList.java:1257)
	at java.util.concurrent.FutureTask.run(FutureTask.java:266)
	at java.util.concurrent.ThreadPoolExecutor.runWorker(ThreadPoolExecutor.java:1149)
	at java.util.concurrent.ThreadPoolExecutor$Worker.run(ThreadPoolExecutor.java:624)
	at java.lang.Thread.run(Thread.java:748)
... Removed 24 stack frames</div></td></tr></table><p class="totop"><a href="#summary">back to summary</a></p>
<h3 id="m3">Acacemy.UnHappyTests2#Baselogin</h3><table class="result"><tr class="param"><th>Parameter #1</th><th>Parameter #2</th></tr><tr class="param stripe"><td>menna+automation@intellisense.io</td><td>MAQA1$test</td></tr></table><p class="totop"><a href="#summary">back to summary</a></p>
<h2>UnHappyScen3</h2><h3 id="m4">Acacemy.UnHappyTests3#Links</h3><table class="result"><tr><th>Exception</th></tr><tr><td><div class="stacktrace">org.openqa.selenium.NoSuchElementException: no such element: Unable to locate element: {&quot;method&quot;:&quot;xpath&quot;,&quot;selector&quot;:&quot;//span[contains(text(),&apos;Learn how to create a Widget&apos;)]&quot;}
  (Session info: chrome=89.0.4389.114)
For documentation on this error, please visit: https://www.seleniumhq.org/exceptions/no_such_element.html
Build info: version: &apos;3.141.59&apos;, revision: &apos;e82be7d358&apos;, time: &apos;2018-11-14T08:17:03&apos;
System info: host: &apos;LAPTOP-M4N4JHAP&apos;, ip: &apos;192.168.1.11&apos;, os.name: &apos;Windows 10&apos;, os.arch: &apos;amd64&apos;, os.version: &apos;10.0&apos;, java.version: &apos;1.8.0_251&apos;
Driver info: org.openqa.selenium.chrome.ChromeDriver
Capabilities {acceptInsecureCerts: false, browserName: chrome, browserVersion: 89.0.4389.114, chrome: {chromedriverVersion: 89.0.4389.23 (61b08ee2c5002..., userDataDir: C:\Users\navee\AppData\Loca...}, goog:chromeOptions: {debuggerAddress: localhost:63338}, javascriptEnabled: true, networkConnectionEnabled: false, pageLoadStrategy: normal, platform: WINDOWS, platformName: WINDOWS, proxy: Proxy(), setWindowRect: true, strictFileInteractability: false, timeouts: {implicit: 0, pageLoad: 300000, script: 30000}, unhandledPromptBehavior: dismiss and notify, webauthn:extension:largeBlob: true, webauthn:virtualAuthenticators: true}
Session ID: e6dcc36af1317b71d0a688604a707454
*** Element info: {Using=xpath, value=//span[contains(text(),&apos;Learn how to create a Widget&apos;)]}
	at org.openqa.selenium.remote.http.W3CHttpResponseCodec.createException(W3CHttpResponseCodec.java:187)
	at org.openqa.selenium.remote.http.W3CHttpResponseCodec.decode(W3CHttpResponseCodec.java:122)
	at org.openqa.selenium.remote.http.W3CHttpResponseCodec.decode(W3CHttpResponseCodec.java:49)
	at org.openqa.selenium.remote.HttpCommandExecutor.execute(HttpCommandExecutor.java:158)
	at org.openqa.selenium.remote.service.DriverCommandExecutor.execute(DriverCommandExecutor.java:83)
	at org.openqa.selenium.remote.RemoteWebDriver.execute(RemoteWebDriver.java:552)
	at org.openqa.selenium.remote.RemoteWebDriver.findElement(RemoteWebDriver.java:323)
	at org.openqa.selenium.remote.RemoteWebDriver.findElementByXPath(RemoteWebDriver.java:428)
	at org.openqa.selenium.By$ByXPath.findElement(By.java:353)
	at org.openqa.selenium.remote.RemoteWebDriver.findElement(RemoteWebDriver.java:315)
	at pageObject.DashBoardPage.getlinktoAddWidget(DashBoardPage.java:91)
	at Acacemy.UnHappyTests3.Links(UnHappyTests3.java:52)
	at java.util.ArrayList.forEach(ArrayList.java:1257)
	at java.util.concurrent.FutureTask.run(FutureTask.java:266)
	at java.util.concurrent.ThreadPoolExecutor.runWorker(ThreadPoolExecutor.java:1149)
	at java.util.concurrent.ThreadPoolExecutor$Worker.run(ThreadPoolExecutor.java:624)
	at java.lang.Thread.run(Thread.java:748)
... Removed 22 stack frames</div></td></tr></table><p class="totop"><a href="#summary">back to summary</a></p>
<h3 id="m5">Acacemy.UnHappyTests3#Baselogin</h3><table class="result"><tr class="param"><th>Parameter #1</th><th>Parameter #2</th></tr><tr class="param stripe"><td>menna+automation@intellisense.io</td><td>MAQA1$test</td></tr></table><p class="totop"><a href="#summary">back to summary</a></p>
<h2>UnHappyScen4</h2><h3 id="m6">Acacemy.UnHappyTests4#Links</h3><table class="result"><tr><th>Exception</th></tr><tr><td><div class="stacktrace">org.openqa.selenium.NoSuchElementException: no such element: Unable to locate element: {&quot;method&quot;:&quot;xpath&quot;,&quot;selector&quot;:&quot;//iframe[@name = &apos;intercom-tour-frame&apos;]&quot;}
  (Session info: chrome=89.0.4389.114)
For documentation on this error, please visit: https://www.seleniumhq.org/exceptions/no_such_element.html
Build info: version: &apos;3.141.59&apos;, revision: &apos;e82be7d358&apos;, time: &apos;2018-11-14T08:17:03&apos;
System info: host: &apos;LAPTOP-M4N4JHAP&apos;, ip: &apos;192.168.1.11&apos;, os.name: &apos;Windows 10&apos;, os.arch: &apos;amd64&apos;, os.version: &apos;10.0&apos;, java.version: &apos;1.8.0_251&apos;
Driver info: org.openqa.selenium.chrome.ChromeDriver
Capabilities {acceptInsecureCerts: false, browserName: chrome, browserVersion: 89.0.4389.114, chrome: {chromedriverVersion: 89.0.4389.23 (61b08ee2c5002..., userDataDir: C:\Users\navee\AppData\Loca...}, goog:chromeOptions: {debuggerAddress: localhost:63333}, javascriptEnabled: true, networkConnectionEnabled: false, pageLoadStrategy: normal, platform: WINDOWS, platformName: WINDOWS, proxy: Proxy(), setWindowRect: true, strictFileInteractability: false, timeouts: {implicit: 0, pageLoad: 300000, script: 30000}, unhandledPromptBehavior: dismiss and notify, webauthn:extension:largeBlob: true, webauthn:virtualAuthenticators: true}
Session ID: 62d472896adbe1eec81cfbeb66d85272
*** Element info: {Using=xpath, value=//iframe[@name = &apos;intercom-tour-frame&apos;]}
	at org.openqa.selenium.remote.http.W3CHttpResponseCodec.createException(W3CHttpResponseCodec.java:187)
	at org.openqa.selenium.remote.http.W3CHttpResponseCodec.decode(W3CHttpResponseCodec.java:122)
	at org.openqa.selenium.remote.http.W3CHttpResponseCodec.decode(W3CHttpResponseCodec.java:49)
	at org.openqa.selenium.remote.HttpCommandExecutor.execute(HttpCommandExecutor.java:158)
	at org.openqa.selenium.remote.service.DriverCommandExecutor.execute(DriverCommandExecutor.java:83)
	at org.openqa.selenium.remote.RemoteWebDriver.execute(RemoteWebDriver.java:552)
	at org.openqa.selenium.remote.RemoteWebDriver.findElement(RemoteWebDriver.java:323)
	at org.openqa.selenium.remote.RemoteWebDriver.findElementByXPath(RemoteWebDriver.java:428)
	at org.openqa.selenium.By$ByXPath.findElement(By.java:353)
	at org.openqa.selenium.remote.RemoteWebDriver.findElement(RemoteWebDriver.java:315)
	at Acacemy.UnHappyTests4.Links(UnHappyTests4.java:59)
	at java.util.ArrayList.forEach(ArrayList.java:1257)
	at java.util.concurrent.FutureTask.run(FutureTask.java:266)
	at java.util.concurrent.ThreadPoolExecutor.runWorker(ThreadPoolExecutor.java:1149)
	at java.util.concurrent.ThreadPoolExecutor$Worker.run(ThreadPoolExecutor.java:624)
	at java.lang.Thread.run(Thread.java:748)
... Removed 22 stack frames</div></td></tr></table><p class="totop"><a href="#summary">back to summary</a></p>
<h3 id="m7">Acacemy.UnHappyTests4#Baselogin</h3><table class="result"><tr class="param"><th>Parameter #1</th><th>Parameter #2</th></tr><tr class="param stripe"><td>menna+automation@intellisense.io</td><td>MAQA1$test</td></tr></table><p class="totop"><a href="#summary">back to summary</a></p>
<h2>HappyScenarios</h2><h3 id="m8">Acacemy.HappyTests#baselogin</h3><table class="result"><tr class="param"><th>Parameter #1</th><th>Parameter #2</th></tr><tr class="param stripe"><td>menna+automation@intellisense.io</td><td>MAQA1$test</td></tr></table><p class="totop"><a href="#summary">back to summary</a></p>
<h3 id="m9">Acacemy.HappyTests#dashBoard554</h3><table class="result"><tr><th class="invisible"/></tr></table><p class="totop"><a href="#summary">back to summary</a></p>
<h3 id="m10">Acacemy.HappyTests#disabledCreateWidgetTB</h3><table class="result"><tr><th class="invisible"/></tr></table><p class="totop"><a href="#summary">back to summary</a></p>
<h3 id="m11">Acacemy.HappyTests#disabledDeleteTB</h3><table class="result"><tr><th class="invisible"/></tr></table><p class="totop"><a href="#summary">back to summary</a></p>
<h3 id="m12">Acacemy.HappyTests#disabledReOrderWidgetTB</h3><table class="result"><tr><th class="invisible"/></tr></table><p class="totop"><a href="#summary">back to summary</a></p>
<h3 id="m13">Acacemy.HappyTests#disabledShareTB</h3><table class="result"><tr><th class="invisible"/></tr></table><p class="totop"><a href="#summary">back to summary</a></p>
<h3 id="m14">Acacemy.HappyTests#duplicateDashBoard</h3><table class="result"><tr><th class="invisible"/></tr></table><p class="totop"><a href="#summary">back to summary</a></p>
<h3 id="m15">Acacemy.HappyTests#homePageDashBoard</h3><table class="result"><tr><th class="invisible"/></tr></table><p class="totop"><a href="#summary">back to summary</a></p>
<h3 id="m16">Acacemy.HappyTests#linkCreateWidget</h3><table class="result"><tr><th class="invisible"/></tr></table><p class="totop"><a href="#summary">back to summary</a></p>
<h3 id="m17">Acacemy.HappyTests#linkDashboard</h3><table class="result"><tr><th class="invisible"/></tr></table><p class="totop"><a href="#summary">back to summary</a></p>
<h3 id="m18">Acacemy.HappyTests#linkuseDashBoard</h3><table class="result"><tr><th class="invisible"/></tr></table><p class="totop"><a href="#summary">back to summary</a></p>
<h2>UnHappyScen5</h2><h3 id="m19">Acacemy.UnHappyTests5#Teardown</h3><table class="result"><tr><th>Exception</th></tr><tr><td><div class="stacktrace">org.openqa.selenium.ElementNotInteractableException: element not interactable
  (Session info: chrome=89.0.4389.114)
Build info: version: &apos;3.141.59&apos;, revision: &apos;e82be7d358&apos;, time: &apos;2018-11-14T08:17:03&apos;
System info: host: &apos;LAPTOP-M4N4JHAP&apos;, ip: &apos;192.168.1.11&apos;, os.name: &apos;Windows 10&apos;, os.arch: &apos;amd64&apos;, os.version: &apos;10.0&apos;, java.version: &apos;1.8.0_251&apos;
Driver info: org.openqa.selenium.chrome.ChromeDriver
Capabilities {acceptInsecureCerts: false, browserName: chrome, browserVersion: 89.0.4389.114, chrome: {chromedriverVersion: 89.0.4389.23 (61b08ee2c5002..., userDataDir: C:\Users\navee\AppData\Loca...}, goog:chromeOptions: {debuggerAddress: localhost:63602}, javascriptEnabled: true, networkConnectionEnabled: false, pageLoadStrategy: normal, platform: WINDOWS, platformName: WINDOWS, proxy: Proxy(), setWindowRect: true, strictFileInteractability: false, timeouts: {implicit: 0, pageLoad: 300000, script: 30000}, unhandledPromptBehavior: dismiss and notify, webauthn:extension:largeBlob: true, webauthn:virtualAuthenticators: true}
Session ID: cc71b0db8f7d72135996425a5b09d831
	at org.openqa.selenium.remote.http.W3CHttpResponseCodec.createException(W3CHttpResponseCodec.java:187)
	at org.openqa.selenium.remote.http.W3CHttpResponseCodec.decode(W3CHttpResponseCodec.java:122)
	at org.openqa.selenium.remote.http.W3CHttpResponseCodec.decode(W3CHttpResponseCodec.java:49)
	at org.openqa.selenium.remote.HttpCommandExecutor.execute(HttpCommandExecutor.java:158)
	at org.openqa.selenium.remote.service.DriverCommandExecutor.execute(DriverCommandExecutor.java:83)
	at org.openqa.selenium.remote.RemoteWebDriver.execute(RemoteWebDriver.java:552)
	at org.openqa.selenium.remote.RemoteWebElement.execute(RemoteWebElement.java:285)
	at org.openqa.selenium.remote.RemoteWebElement.click(RemoteWebElement.java:84)
	at Acacemy.UnHappyTests5.Teardown(UnHappyTests5.java:76)
	at java.util.concurrent.FutureTask.run(FutureTask.java:266)
	at java.util.concurrent.ThreadPoolExecutor.runWorker(ThreadPoolExecutor.java:1149)
	at java.util.concurrent.ThreadPoolExecutor$Worker.run(ThreadPoolExecutor.java:624)
	at java.lang.Thread.run(Thread.java:748)
... Removed 19 stack frames</div></td></tr></table><p class="totop"><a href="#summary">back to summary</a></p>
<h3 id="m20">Acacemy.UnHappyTests5#Links</h3><table class="result"><tr><th>Exception</th></tr><tr><td><div class="stacktrace">org.openqa.selenium.NoSuchElementException: no such element: Unable to locate element: {&quot;method&quot;:&quot;xpath&quot;,&quot;selector&quot;:&quot;//span[contains(text(),&apos;Learn how to create a Widget&apos;)]&quot;}
  (Session info: chrome=89.0.4389.114)
For documentation on this error, please visit: https://www.seleniumhq.org/exceptions/no_such_element.html
Build info: version: &apos;3.141.59&apos;, revision: &apos;e82be7d358&apos;, time: &apos;2018-11-14T08:17:03&apos;
System info: host: &apos;LAPTOP-M4N4JHAP&apos;, ip: &apos;192.168.1.11&apos;, os.name: &apos;Windows 10&apos;, os.arch: &apos;amd64&apos;, os.version: &apos;10.0&apos;, java.version: &apos;1.8.0_251&apos;
Driver info: org.openqa.selenium.chrome.ChromeDriver
Capabilities {acceptInsecureCerts: false, browserName: chrome, browserVersion: 89.0.4389.114, chrome: {chromedriverVersion: 89.0.4389.23 (61b08ee2c5002..., userDataDir: C:\Users\navee\AppData\Loca...}, goog:chromeOptions: {debuggerAddress: localhost:63602}, javascriptEnabled: true, networkConnectionEnabled: false, pageLoadStrategy: normal, platform: WINDOWS, platformName: WINDOWS, proxy: Proxy(), setWindowRect: true, strictFileInteractability: false, timeouts: {implicit: 0, pageLoad: 300000, script: 30000}, unhandledPromptBehavior: dismiss and notify, webauthn:extension:largeBlob: true, webauthn:virtualAuthenticators: true}
Session ID: cc71b0db8f7d72135996425a5b09d831
*** Element info: {Using=xpath, value=//span[contains(text(),&apos;Learn how to create a Widget&apos;)]}
	at org.openqa.selenium.remote.http.W3CHttpResponseCodec.createException(W3CHttpResponseCodec.java:187)
	at org.openqa.selenium.remote.http.W3CHttpResponseCodec.decode(W3CHttpResponseCodec.java:122)
	at org.openqa.selenium.remote.http.W3CHttpResponseCodec.decode(W3CHttpResponseCodec.java:49)
	at org.openqa.selenium.remote.HttpCommandExecutor.execute(HttpCommandExecutor.java:158)
	at org.openqa.selenium.remote.service.DriverCommandExecutor.execute(DriverCommandExecutor.java:83)
	at org.openqa.selenium.remote.RemoteWebDriver.execute(RemoteWebDriver.java:552)
	at org.openqa.selenium.remote.RemoteWebDriver.findElement(RemoteWebDriver.java:323)
	at org.openqa.selenium.remote.RemoteWebDriver.findElementByXPath(RemoteWebDriver.java:428)
	at org.openqa.selenium.By$ByXPath.findElement(By.java:353)
	at org.openqa.selenium.remote.RemoteWebDriver.findElement(RemoteWebDriver.java:315)
	at pageObject.DashBoardPage.getlinktoAddWidget(DashBoardPage.java:91)
	at Acacemy.UnHappyTests5.Links(UnHappyTests5.java:53)
	at java.util.ArrayList.forEach(ArrayList.java:1257)
	at java.util.concurrent.FutureTask.run(FutureTask.java:266)
	at java.util.concurrent.ThreadPoolExecutor.runWorker(ThreadPoolExecutor.java:1149)
	at java.util.concurrent.ThreadPoolExecutor$Worker.run(ThreadPoolExecutor.java:624)
	at java.lang.Thread.run(Thread.java:748)
... Removed 22 stack frames</div></td></tr></table><p class="totop"><a href="#summary">back to summary</a></p>
<h3 id="m21">Acacemy.UnHappyTests5#Baselogin</h3><table class="result"><tr class="param"><th>Parameter #1</th><th>Parameter #2</th></tr><tr class="param stripe"><td>menna+automation@intellisense.io</td><td>MAQA1$test</td></tr></table><p class="totop"><a href="#summary">back to summary</a></p>
</body>
</html>
