<?xml version="1.0" encoding="UTF-8"?>
<testng-results skipped="0" failed="4" ignored="0" total="21" passed="17">
  <reporter-output>
  </reporter-output>
  <suite name="Suite" duration-ms="92759" started-at="2021-04-04T23:38:05 IST" finished-at="2021-04-04T23:39:38 IST">
    <groups>
    </groups>
    <test name="UnHappyScen" duration-ms="57411" started-at="2021-04-04T23:38:05 IST" finished-at="2021-04-04T23:39:03 IST">
      <class name="Acacemy.UnHappyTests">
        <test-method status="PASS" signature="initialization()[pri:0, instance:Acacemy.UnHappyTests@5bd03f44]" name="initialization" is-config="true" duration-ms="7447" started-at="2021-04-04T23:38:05 IST" finished-at="2021-04-04T23:38:13 IST">
          <reporter-output>
          </reporter-output>
        </test-method> <!-- initialization -->
        <test-method status="PASS" signature="baselogin(java.lang.String, java.lang.String)[pri:0, instance:Acacemy.UnHappyTests@5bd03f44]" name="baselogin" duration-ms="16477" started-at="2021-04-04T23:38:13 IST" data-provider="getData" finished-at="2021-04-04T23:38:29 IST">
          <params>
            <param index="0">
              <value>
                <![CDATA[menna+automation@intellisense.io]]>
              </value>
            </param>
            <param index="1">
              <value>
                <![CDATA[MAQA1$test]]>
              </value>
            </param>
          </params>
          <reporter-output>
          </reporter-output>
        </test-method> <!-- baselogin -->
        <test-method status="PASS" signature="urlhomePageIntellisense()[pri:0, instance:Acacemy.UnHappyTests@5bd03f44]" name="urlhomePageIntellisense" duration-ms="20305" started-at="2021-04-04T23:38:29 IST" finished-at="2021-04-04T23:38:49 IST">
          <reporter-output>
          </reporter-output>
        </test-method> <!-- urlhomePageIntellisense -->
        <test-method status="PASS" signature="Teardown()[pri:0, instance:Acacemy.UnHappyTests@5bd03f44]" name="Teardown" is-config="true" duration-ms="13148" started-at="2021-04-04T23:38:49 IST" finished-at="2021-04-04T23:39:03 IST">
          <reporter-output>
          </reporter-output>
        </test-method> <!-- Teardown -->
      </class> <!-- Acacemy.UnHappyTests -->
    </test> <!-- UnHappyScen -->
    <test name="UnHappyScen2" duration-ms="65682" started-at="2021-04-04T23:38:05 IST" finished-at="2021-04-04T23:39:11 IST">
      <class name="Acacemy.UnHappyTests2">
        <test-method status="PASS" signature="initialization()[pri:0, instance:Acacemy.UnHappyTests2@6f10d5b6]" name="initialization" is-config="true" duration-ms="7124" started-at="2021-04-04T23:38:05 IST" finished-at="2021-04-04T23:38:12 IST">
          <reporter-output>
          </reporter-output>
        </test-method> <!-- initialization -->
        <test-method status="PASS" signature="Baselogin(java.lang.String, java.lang.String)[pri:0, instance:Acacemy.UnHappyTests2@6f10d5b6]" name="Baselogin" duration-ms="16147" started-at="2021-04-04T23:38:12 IST" data-provider="getData" finished-at="2021-04-04T23:38:29 IST">
          <params>
            <param index="0">
              <value>
                <![CDATA[menna+automation@intellisense.io]]>
              </value>
            </param>
            <param index="1">
              <value>
                <![CDATA[MAQA1$test]]>
              </value>
            </param>
          </params>
          <reporter-output>
          </reporter-output>
        </test-method> <!-- Baselogin -->
        <test-method status="FAIL" signature="HomePageURL()[pri:0, instance:Acacemy.UnHappyTests2@6f10d5b6]" name="HomePageURL" duration-ms="33963" started-at="2021-04-04T23:38:29 IST" finished-at="2021-04-04T23:39:03 IST">
          <exception class="java.lang.AssertionError">
            <message>
              <![CDATA[expected [https://reference-test.intellisense.io/#!/id/dashboards/554] but found [https://reference-test.intellisense.io/?product_tour_id=34973#!/id/dashboards/554]]]>
            </message>
            <full-stacktrace>
              <![CDATA[java.lang.AssertionError: expected [https://reference-test.intellisense.io/#!/id/dashboards/554] but found [https://reference-test.intellisense.io/?product_tour_id=34973#!/id/dashboards/554]
at org.testng.Assert.fail(Assert.java:99)
at org.testng.Assert.failNotEquals(Assert.java:1037)
at org.testng.Assert.assertEqualsImpl(Assert.java:140)
at org.testng.Assert.assertEquals(Assert.java:122)
at org.testng.Assert.assertEquals(Assert.java:629)
at org.testng.Assert.assertEquals(Assert.java:639)
at Acacemy.UnHappyTests2.HomePageURL(UnHappyTests2.java:61)
at sun.reflect.NativeMethodAccessorImpl.invoke0(Native Method)
at sun.reflect.NativeMethodAccessorImpl.invoke(NativeMethodAccessorImpl.java:62)
at sun.reflect.DelegatingMethodAccessorImpl.invoke(DelegatingMethodAccessorImpl.java:43)
at java.lang.reflect.Method.invoke(Method.java:498)
at org.testng.internal.MethodInvocationHelper.invokeMethod(MethodInvocationHelper.java:132)
at org.testng.internal.TestInvoker.invokeMethod(TestInvoker.java:599)
at org.testng.internal.TestInvoker.invokeTestMethod(TestInvoker.java:174)
at org.testng.internal.MethodRunner.runInSequence(MethodRunner.java:46)
at org.testng.internal.TestInvoker$MethodInvocationAgent.invoke(TestInvoker.java:822)
at org.testng.internal.TestInvoker.invokeTestMethods(TestInvoker.java:147)
at org.testng.internal.TestMethodWorker.invokeTestMethods(TestMethodWorker.java:146)
at org.testng.internal.TestMethodWorker.run(TestMethodWorker.java:128)
at java.util.ArrayList.forEach(ArrayList.java:1257)
at org.testng.TestRunner.privateRun(TestRunner.java:764)
at org.testng.TestRunner.run(TestRunner.java:585)
at org.testng.SuiteRunner.runTest(SuiteRunner.java:384)
at org.testng.SuiteRunner.access$000(SuiteRunner.java:28)
at org.testng.SuiteRunner$SuiteWorker.run(SuiteRunner.java:425)
at org.testng.internal.thread.ThreadUtil.lambda$execute$0(ThreadUtil.java:66)
at java.util.concurrent.FutureTask.run(FutureTask.java:266)
at java.util.concurrent.ThreadPoolExecutor.runWorker(ThreadPoolExecutor.java:1149)
at java.util.concurrent.ThreadPoolExecutor$Worker.run(ThreadPoolExecutor.java:624)
at java.lang.Thread.run(Thread.java:748)
]]>
            </full-stacktrace>
          </exception> <!-- java.lang.AssertionError -->
          <reporter-output>
          </reporter-output>
        </test-method> <!-- HomePageURL -->
        <test-method status="PASS" signature="Teardown()[pri:0, instance:Acacemy.UnHappyTests2@6f10d5b6]" name="Teardown" is-config="true" duration-ms="7002" started-at="2021-04-04T23:39:04 IST" finished-at="2021-04-04T23:39:11 IST">
          <reporter-output>
          </reporter-output>
        </test-method> <!-- Teardown -->
      </class> <!-- Acacemy.UnHappyTests2 -->
    </test> <!-- UnHappyScen2 -->
    <test name="UnHappyScen3" duration-ms="70389" started-at="2021-04-04T23:38:05 IST" finished-at="2021-04-04T23:39:16 IST">
      <class name="Acacemy.UnHappyTests3">
        <test-method status="PASS" signature="initialization()[pri:0, instance:Acacemy.UnHappyTests3@723ca036]" name="initialization" is-config="true" duration-ms="7814" started-at="2021-04-04T23:38:05 IST" finished-at="2021-04-04T23:38:13 IST">
          <reporter-output>
          </reporter-output>
        </test-method> <!-- initialization -->
        <test-method status="PASS" signature="Baselogin(java.lang.String, java.lang.String)[pri:0, instance:Acacemy.UnHappyTests3@723ca036]" name="Baselogin" duration-ms="16510" started-at="2021-04-04T23:38:13 IST" data-provider="getData" finished-at="2021-04-04T23:38:29 IST">
          <params>
            <param index="0">
              <value>
                <![CDATA[menna+automation@intellisense.io]]>
              </value>
            </param>
            <param index="1">
              <value>
                <![CDATA[MAQA1$test]]>
              </value>
            </param>
          </params>
          <reporter-output>
          </reporter-output>
        </test-method> <!-- Baselogin -->
        <test-method status="FAIL" signature="Links()[pri:0, instance:Acacemy.UnHappyTests3@723ca036]" name="Links" duration-ms="20245" started-at="2021-04-04T23:38:29 IST" finished-at="2021-04-04T23:38:50 IST">
          <exception class="org.openqa.selenium.NoSuchElementException">
            <message>
              <![CDATA[no such element: Unable to locate element: {"method":"xpath","selector":"//span[contains(text(),'Learn how to create a Widget')]"}
  (Session info: chrome=89.0.4389.114)
For documentation on this error, please visit: https://www.seleniumhq.org/exceptions/no_such_element.html
Build info: version: '3.141.59', revision: 'e82be7d358', time: '2018-11-14T08:17:03'
System info: host: 'LAPTOP-M4N4JHAP', ip: '192.168.1.11', os.name: 'Windows 10', os.arch: 'amd64', os.version: '10.0', java.version: '1.8.0_251'
Driver info: org.openqa.selenium.chrome.ChromeDriver
Capabilities {acceptInsecureCerts: false, browserName: chrome, browserVersion: 89.0.4389.114, chrome: {chromedriverVersion: 89.0.4389.23 (61b08ee2c5002..., userDataDir: C:\Users\navee\AppData\Loca...}, goog:chromeOptions: {debuggerAddress: localhost:63338}, javascriptEnabled: true, networkConnectionEnabled: false, pageLoadStrategy: normal, platform: WINDOWS, platformName: WINDOWS, proxy: Proxy(), setWindowRect: true, strictFileInteractability: false, timeouts: {implicit: 0, pageLoad: 300000, script: 30000}, unhandledPromptBehavior: dismiss and notify, webauthn:extension:largeBlob: true, webauthn:virtualAuthenticators: true}
Session ID: e6dcc36af1317b71d0a688604a707454
*** Element info: {Using=xpath, value=//span[contains(text(),'Learn how to create a Widget')]}]]>
            </message>
            <full-stacktrace>
              <![CDATA[org.openqa.selenium.NoSuchElementException: no such element: Unable to locate element: {"method":"xpath","selector":"//span[contains(text(),'Learn how to create a Widget')]"}
  (Session info: chrome=89.0.4389.114)
For documentation on this error, please visit: https://www.seleniumhq.org/exceptions/no_such_element.html
Build info: version: '3.141.59', revision: 'e82be7d358', time: '2018-11-14T08:17:03'
System info: host: 'LAPTOP-M4N4JHAP', ip: '192.168.1.11', os.name: 'Windows 10', os.arch: 'amd64', os.version: '10.0', java.version: '1.8.0_251'
Driver info: org.openqa.selenium.chrome.ChromeDriver
Capabilities {acceptInsecureCerts: false, browserName: chrome, browserVersion: 89.0.4389.114, chrome: {chromedriverVersion: 89.0.4389.23 (61b08ee2c5002..., userDataDir: C:\Users\navee\AppData\Loca...}, goog:chromeOptions: {debuggerAddress: localhost:63338}, javascriptEnabled: true, networkConnectionEnabled: false, pageLoadStrategy: normal, platform: WINDOWS, platformName: WINDOWS, proxy: Proxy(), setWindowRect: true, strictFileInteractability: false, timeouts: {implicit: 0, pageLoad: 300000, script: 30000}, unhandledPromptBehavior: dismiss and notify, webauthn:extension:largeBlob: true, webauthn:virtualAuthenticators: true}
Session ID: e6dcc36af1317b71d0a688604a707454
*** Element info: {Using=xpath, value=//span[contains(text(),'Learn how to create a Widget')]}
at sun.reflect.NativeConstructorAccessorImpl.newInstance0(Native Method)
at sun.reflect.NativeConstructorAccessorImpl.newInstance(NativeConstructorAccessorImpl.java:62)
at sun.reflect.DelegatingConstructorAccessorImpl.newInstance(DelegatingConstructorAccessorImpl.java:45)
at java.lang.reflect.Constructor.newInstance(Constructor.java:423)
at org.openqa.selenium.remote.http.W3CHttpResponseCodec.createException(W3CHttpResponseCodec.java:187)
at org.openqa.selenium.remote.http.W3CHttpResponseCodec.decode(W3CHttpResponseCodec.java:122)
at org.openqa.selenium.remote.http.W3CHttpResponseCodec.decode(W3CHttpResponseCodec.java:49)
at org.openqa.selenium.remote.HttpCommandExecutor.execute(HttpCommandExecutor.java:158)
at org.openqa.selenium.remote.service.DriverCommandExecutor.execute(DriverCommandExecutor.java:83)
at org.openqa.selenium.remote.RemoteWebDriver.execute(RemoteWebDriver.java:552)
at org.openqa.selenium.remote.RemoteWebDriver.findElement(RemoteWebDriver.java:323)
at org.openqa.selenium.remote.RemoteWebDriver.findElementByXPath(RemoteWebDriver.java:428)
at org.openqa.selenium.By$ByXPath.findElement(By.java:353)
at org.openqa.selenium.remote.RemoteWebDriver.findElement(RemoteWebDriver.java:315)
at pageObject.DashBoardPage.getlinktoAddWidget(DashBoardPage.java:91)
at Acacemy.UnHappyTests3.Links(UnHappyTests3.java:52)
at sun.reflect.NativeMethodAccessorImpl.invoke0(Native Method)
at sun.reflect.NativeMethodAccessorImpl.invoke(NativeMethodAccessorImpl.java:62)
at sun.reflect.DelegatingMethodAccessorImpl.invoke(DelegatingMethodAccessorImpl.java:43)
at java.lang.reflect.Method.invoke(Method.java:498)
at org.testng.internal.MethodInvocationHelper.invokeMethod(MethodInvocationHelper.java:132)
at org.testng.internal.TestInvoker.invokeMethod(TestInvoker.java:599)
at org.testng.internal.TestInvoker.invokeTestMethod(TestInvoker.java:174)
at org.testng.internal.MethodRunner.runInSequence(MethodRunner.java:46)
at org.testng.internal.TestInvoker$MethodInvocationAgent.invoke(TestInvoker.java:822)
at org.testng.internal.TestInvoker.invokeTestMethods(TestInvoker.java:147)
at org.testng.internal.TestMethodWorker.invokeTestMethods(TestMethodWorker.java:146)
at org.testng.internal.TestMethodWorker.run(TestMethodWorker.java:128)
at java.util.ArrayList.forEach(ArrayList.java:1257)
at org.testng.TestRunner.privateRun(TestRunner.java:764)
at org.testng.TestRunner.run(TestRunner.java:585)
at org.testng.SuiteRunner.runTest(SuiteRunner.java:384)
at org.testng.SuiteRunner.access$000(SuiteRunner.java:28)
at org.testng.SuiteRunner$SuiteWorker.run(SuiteRunner.java:425)
at org.testng.internal.thread.ThreadUtil.lambda$execute$0(ThreadUtil.java:66)
at java.util.concurrent.FutureTask.run(FutureTask.java:266)
at java.util.concurrent.ThreadPoolExecutor.runWorker(ThreadPoolExecutor.java:1149)
at java.util.concurrent.ThreadPoolExecutor$Worker.run(ThreadPoolExecutor.java:624)
at java.lang.Thread.run(Thread.java:748)
]]>
            </full-stacktrace>
          </exception> <!-- org.openqa.selenium.NoSuchElementException -->
          <reporter-output>
          </reporter-output>
        </test-method> <!-- Links -->
        <test-method status="PASS" signature="Teardown()[pri:0, instance:Acacemy.UnHappyTests3@723ca036]" name="Teardown" is-config="true" duration-ms="24682" started-at="2021-04-04T23:38:51 IST" finished-at="2021-04-04T23:39:16 IST">
          <reporter-output>
          </reporter-output>
        </test-method> <!-- Teardown -->
      </class> <!-- Acacemy.UnHappyTests3 -->
    </test> <!-- UnHappyScen3 -->
    <test name="UnHappyScen4" duration-ms="88406" started-at="2021-04-04T23:38:05 IST" finished-at="2021-04-04T23:39:34 IST">
      <class name="Acacemy.UnHappyTests4">
        <test-method status="PASS" signature="initialization()[pri:0, instance:Acacemy.UnHappyTests4@c430e6c]" name="initialization" is-config="true" duration-ms="7252" started-at="2021-04-04T23:38:05 IST" finished-at="2021-04-04T23:38:12 IST">
          <reporter-output>
          </reporter-output>
        </test-method> <!-- initialization -->
        <test-method status="PASS" signature="Baselogin(java.lang.String, java.lang.String)[pri:0, instance:Acacemy.UnHappyTests4@c430e6c]" name="Baselogin" duration-ms="22822" started-at="2021-04-04T23:38:12 IST" data-provider="getData" finished-at="2021-04-04T23:38:35 IST">
          <params>
            <param index="0">
              <value>
                <![CDATA[menna+automation@intellisense.io]]>
              </value>
            </param>
            <param index="1">
              <value>
                <![CDATA[MAQA1$test]]>
              </value>
            </param>
          </params>
          <reporter-output>
          </reporter-output>
        </test-method> <!-- Baselogin -->
        <test-method status="FAIL" signature="Links()[pri:0, instance:Acacemy.UnHappyTests4@c430e6c]" name="Links" duration-ms="54531" started-at="2021-04-04T23:38:35 IST" finished-at="2021-04-04T23:39:30 IST">
          <exception class="org.openqa.selenium.NoSuchElementException">
            <message>
              <![CDATA[no such element: Unable to locate element: {"method":"xpath","selector":"//iframe[@name = 'intercom-tour-frame']"}
  (Session info: chrome=89.0.4389.114)
For documentation on this error, please visit: https://www.seleniumhq.org/exceptions/no_such_element.html
Build info: version: '3.141.59', revision: 'e82be7d358', time: '2018-11-14T08:17:03'
System info: host: 'LAPTOP-M4N4JHAP', ip: '192.168.1.11', os.name: 'Windows 10', os.arch: 'amd64', os.version: '10.0', java.version: '1.8.0_251'
Driver info: org.openqa.selenium.chrome.ChromeDriver
Capabilities {acceptInsecureCerts: false, browserName: chrome, browserVersion: 89.0.4389.114, chrome: {chromedriverVersion: 89.0.4389.23 (61b08ee2c5002..., userDataDir: C:\Users\navee\AppData\Loca...}, goog:chromeOptions: {debuggerAddress: localhost:63333}, javascriptEnabled: true, networkConnectionEnabled: false, pageLoadStrategy: normal, platform: WINDOWS, platformName: WINDOWS, proxy: Proxy(), setWindowRect: true, strictFileInteractability: false, timeouts: {implicit: 0, pageLoad: 300000, script: 30000}, unhandledPromptBehavior: dismiss and notify, webauthn:extension:largeBlob: true, webauthn:virtualAuthenticators: true}
Session ID: 62d472896adbe1eec81cfbeb66d85272
*** Element info: {Using=xpath, value=//iframe[@name = 'intercom-tour-frame']}]]>
            </message>
            <full-stacktrace>
              <![CDATA[org.openqa.selenium.NoSuchElementException: no such element: Unable to locate element: {"method":"xpath","selector":"//iframe[@name = 'intercom-tour-frame']"}
  (Session info: chrome=89.0.4389.114)
For documentation on this error, please visit: https://www.seleniumhq.org/exceptions/no_such_element.html
Build info: version: '3.141.59', revision: 'e82be7d358', time: '2018-11-14T08:17:03'
System info: host: 'LAPTOP-M4N4JHAP', ip: '192.168.1.11', os.name: 'Windows 10', os.arch: 'amd64', os.version: '10.0', java.version: '1.8.0_251'
Driver info: org.openqa.selenium.chrome.ChromeDriver
Capabilities {acceptInsecureCerts: false, browserName: chrome, browserVersion: 89.0.4389.114, chrome: {chromedriverVersion: 89.0.4389.23 (61b08ee2c5002..., userDataDir: C:\Users\navee\AppData\Loca...}, goog:chromeOptions: {debuggerAddress: localhost:63333}, javascriptEnabled: true, networkConnectionEnabled: false, pageLoadStrategy: normal, platform: WINDOWS, platformName: WINDOWS, proxy: Proxy(), setWindowRect: true, strictFileInteractability: false, timeouts: {implicit: 0, pageLoad: 300000, script: 30000}, unhandledPromptBehavior: dismiss and notify, webauthn:extension:largeBlob: true, webauthn:virtualAuthenticators: true}
Session ID: 62d472896adbe1eec81cfbeb66d85272
*** Element info: {Using=xpath, value=//iframe[@name = 'intercom-tour-frame']}
at sun.reflect.NativeConstructorAccessorImpl.newInstance0(Native Method)
at sun.reflect.NativeConstructorAccessorImpl.newInstance(NativeConstructorAccessorImpl.java:62)
at sun.reflect.DelegatingConstructorAccessorImpl.newInstance(DelegatingConstructorAccessorImpl.java:45)
at java.lang.reflect.Constructor.newInstance(Constructor.java:423)
at org.openqa.selenium.remote.http.W3CHttpResponseCodec.createException(W3CHttpResponseCodec.java:187)
at org.openqa.selenium.remote.http.W3CHttpResponseCodec.decode(W3CHttpResponseCodec.java:122)
at org.openqa.selenium.remote.http.W3CHttpResponseCodec.decode(W3CHttpResponseCodec.java:49)
at org.openqa.selenium.remote.HttpCommandExecutor.execute(HttpCommandExecutor.java:158)
at org.openqa.selenium.remote.service.DriverCommandExecutor.execute(DriverCommandExecutor.java:83)
at org.openqa.selenium.remote.RemoteWebDriver.execute(RemoteWebDriver.java:552)
at org.openqa.selenium.remote.RemoteWebDriver.findElement(RemoteWebDriver.java:323)
at org.openqa.selenium.remote.RemoteWebDriver.findElementByXPath(RemoteWebDriver.java:428)
at org.openqa.selenium.By$ByXPath.findElement(By.java:353)
at org.openqa.selenium.remote.RemoteWebDriver.findElement(RemoteWebDriver.java:315)
at Acacemy.UnHappyTests4.Links(UnHappyTests4.java:59)
at sun.reflect.NativeMethodAccessorImpl.invoke0(Native Method)
at sun.reflect.NativeMethodAccessorImpl.invoke(NativeMethodAccessorImpl.java:62)
at sun.reflect.DelegatingMethodAccessorImpl.invoke(DelegatingMethodAccessorImpl.java:43)
at java.lang.reflect.Method.invoke(Method.java:498)
at org.testng.internal.MethodInvocationHelper.invokeMethod(MethodInvocationHelper.java:132)
at org.testng.internal.TestInvoker.invokeMethod(TestInvoker.java:599)
at org.testng.internal.TestInvoker.invokeTestMethod(TestInvoker.java:174)
at org.testng.internal.MethodRunner.runInSequence(MethodRunner.java:46)
at org.testng.internal.TestInvoker$MethodInvocationAgent.invoke(TestInvoker.java:822)
at org.testng.internal.TestInvoker.invokeTestMethods(TestInvoker.java:147)
at org.testng.internal.TestMethodWorker.invokeTestMethods(TestMethodWorker.java:146)
at org.testng.internal.TestMethodWorker.run(TestMethodWorker.java:128)
at java.util.ArrayList.forEach(ArrayList.java:1257)
at org.testng.TestRunner.privateRun(TestRunner.java:764)
at org.testng.TestRunner.run(TestRunner.java:585)
at org.testng.SuiteRunner.runTest(SuiteRunner.java:384)
at org.testng.SuiteRunner.access$000(SuiteRunner.java:28)
at org.testng.SuiteRunner$SuiteWorker.run(SuiteRunner.java:425)
at org.testng.internal.thread.ThreadUtil.lambda$execute$0(ThreadUtil.java:66)
at java.util.concurrent.FutureTask.run(FutureTask.java:266)
at java.util.concurrent.ThreadPoolExecutor.runWorker(ThreadPoolExecutor.java:1149)
at java.util.concurrent.ThreadPoolExecutor$Worker.run(ThreadPoolExecutor.java:624)
at java.lang.Thread.run(Thread.java:748)
]]>
            </full-stacktrace>
          </exception> <!-- org.openqa.selenium.NoSuchElementException -->
          <reporter-output>
          </reporter-output>
        </test-method> <!-- Links -->
        <test-method status="PASS" signature="Teardown()[pri:0, instance:Acacemy.UnHappyTests4@c430e6c]" name="Teardown" is-config="true" duration-ms="3169" started-at="2021-04-04T23:39:30 IST" finished-at="2021-04-04T23:39:34 IST">
          <reporter-output>
          </reporter-output>
        </test-method> <!-- Teardown -->
      </class> <!-- Acacemy.UnHappyTests4 -->
    </test> <!-- UnHappyScen4 -->
    <test name="HappyScenarios" duration-ms="91525" started-at="2021-04-04T23:38:05 IST" finished-at="2021-04-04T23:39:37 IST">
      <class name="Acacemy.HappyTests">
        <test-method status="PASS" signature="initialization()[pri:0, instance:Acacemy.HappyTests@6af93788]" name="initialization" is-config="true" duration-ms="7236" started-at="2021-04-04T23:38:05 IST" finished-at="2021-04-04T23:38:12 IST">
          <reporter-output>
          </reporter-output>
        </test-method> <!-- initialization -->
        <test-method status="PASS" signature="baselogin(java.lang.String, java.lang.String)[pri:0, instance:Acacemy.HappyTests@6af93788]" name="baselogin" duration-ms="22687" started-at="2021-04-04T23:38:12 IST" data-provider="getData" finished-at="2021-04-04T23:38:35 IST">
          <params>
            <param index="0">
              <value>
                <![CDATA[menna+automation@intellisense.io]]>
              </value>
            </param>
            <param index="1">
              <value>
                <![CDATA[MAQA1$test]]>
              </value>
            </param>
          </params>
          <reporter-output>
          </reporter-output>
        </test-method> <!-- baselogin -->
        <test-method status="PASS" signature="dashBoard554()[pri:0, instance:Acacemy.HappyTests@6af93788]" name="dashBoard554" duration-ms="9344" started-at="2021-04-04T23:38:35 IST" finished-at="2021-04-04T23:38:44 IST">
          <reporter-output>
          </reporter-output>
        </test-method> <!-- dashBoard554 -->
        <test-method status="PASS" signature="disabledCreateWidgetTB()[pri:0, instance:Acacemy.HappyTests@6af93788]" name="disabledCreateWidgetTB" duration-ms="3906" started-at="2021-04-04T23:38:44 IST" finished-at="2021-04-04T23:38:48 IST">
          <reporter-output>
          </reporter-output>
        </test-method> <!-- disabledCreateWidgetTB -->
        <test-method status="PASS" signature="disabledDeleteTB()[pri:0, instance:Acacemy.HappyTests@6af93788]" name="disabledDeleteTB" duration-ms="3954" started-at="2021-04-04T23:38:48 IST" finished-at="2021-04-04T23:38:52 IST">
          <reporter-output>
          </reporter-output>
        </test-method> <!-- disabledDeleteTB -->
        <test-method status="PASS" signature="disabledReOrderWidgetTB()[pri:0, instance:Acacemy.HappyTests@6af93788]" name="disabledReOrderWidgetTB" duration-ms="11503" started-at="2021-04-04T23:38:52 IST" finished-at="2021-04-04T23:39:04 IST">
          <reporter-output>
          </reporter-output>
        </test-method> <!-- disabledReOrderWidgetTB -->
        <test-method status="PASS" signature="disabledShareTB()[pri:0, instance:Acacemy.HappyTests@6af93788]" name="disabledShareTB" duration-ms="5074" started-at="2021-04-04T23:39:04 IST" finished-at="2021-04-04T23:39:09 IST">
          <reporter-output>
          </reporter-output>
        </test-method> <!-- disabledShareTB -->
        <test-method status="PASS" signature="duplicateDashBoard()[pri:0, instance:Acacemy.HappyTests@6af93788]" name="duplicateDashBoard" duration-ms="4738" started-at="2021-04-04T23:39:09 IST" finished-at="2021-04-04T23:39:14 IST">
          <reporter-output>
          </reporter-output>
        </test-method> <!-- duplicateDashBoard -->
        <test-method status="PASS" signature="homePageDashBoard()[pri:0, instance:Acacemy.HappyTests@6af93788]" name="homePageDashBoard" duration-ms="4015" started-at="2021-04-04T23:39:14 IST" finished-at="2021-04-04T23:39:18 IST">
          <reporter-output>
          </reporter-output>
        </test-method> <!-- homePageDashBoard -->
        <test-method status="PASS" signature="linkCreateWidget()[pri:0, instance:Acacemy.HappyTests@6af93788]" name="linkCreateWidget" duration-ms="5934" started-at="2021-04-04T23:39:18 IST" finished-at="2021-04-04T23:39:24 IST">
          <reporter-output>
          </reporter-output>
        </test-method> <!-- linkCreateWidget -->
        <test-method status="PASS" signature="linkDashboard()[pri:0, instance:Acacemy.HappyTests@6af93788]" name="linkDashboard" duration-ms="5413" started-at="2021-04-04T23:39:24 IST" finished-at="2021-04-04T23:39:29 IST">
          <reporter-output>
          </reporter-output>
        </test-method> <!-- linkDashboard -->
        <test-method status="PASS" signature="linkuseDashBoard()[pri:0, instance:Acacemy.HappyTests@6af93788]" name="linkuseDashBoard" duration-ms="5874" started-at="2021-04-04T23:39:29 IST" finished-at="2021-04-04T23:39:35 IST">
          <reporter-output>
          </reporter-output>
        </test-method> <!-- linkuseDashBoard -->
        <test-method status="PASS" signature="Teardown()[pri:0, instance:Acacemy.HappyTests@6af93788]" name="Teardown" is-config="true" duration-ms="1749" started-at="2021-04-04T23:39:35 IST" finished-at="2021-04-04T23:39:37 IST">
          <reporter-output>
          </reporter-output>
        </test-method> <!-- Teardown -->
      </class> <!-- Acacemy.HappyTests -->
    </test> <!-- HappyScenarios -->
    <test name="UnHappyScen5" duration-ms="35289" started-at="2021-04-04T23:39:03 IST" finished-at="2021-04-04T23:39:38 IST">
      <class name="Acacemy.UnHappyTests5">
        <test-method status="PASS" signature="initialization()[pri:0, instance:Acacemy.UnHappyTests5@6c4906d3]" name="initialization" is-config="true" duration-ms="4064" started-at="2021-04-04T23:39:03 IST" finished-at="2021-04-04T23:39:07 IST">
          <reporter-output>
          </reporter-output>
        </test-method> <!-- initialization -->
        <test-method status="PASS" signature="Baselogin(java.lang.String, java.lang.String)[pri:0, instance:Acacemy.UnHappyTests5@6c4906d3]" name="Baselogin" duration-ms="8542" started-at="2021-04-04T23:39:07 IST" data-provider="getData" finished-at="2021-04-04T23:39:15 IST">
          <params>
            <param index="0">
              <value>
                <![CDATA[menna+automation@intellisense.io]]>
              </value>
            </param>
            <param index="1">
              <value>
                <![CDATA[MAQA1$test]]>
              </value>
            </param>
          </params>
          <reporter-output>
          </reporter-output>
        </test-method> <!-- Baselogin -->
        <test-method status="FAIL" signature="Links()[pri:0, instance:Acacemy.UnHappyTests5@6c4906d3]" name="Links" duration-ms="11850" started-at="2021-04-04T23:39:15 IST" finished-at="2021-04-04T23:39:27 IST">
          <exception class="org.openqa.selenium.NoSuchElementException">
            <message>
              <![CDATA[no such element: Unable to locate element: {"method":"xpath","selector":"//span[contains(text(),'Learn how to create a Widget')]"}
  (Session info: chrome=89.0.4389.114)
For documentation on this error, please visit: https://www.seleniumhq.org/exceptions/no_such_element.html
Build info: version: '3.141.59', revision: 'e82be7d358', time: '2018-11-14T08:17:03'
System info: host: 'LAPTOP-M4N4JHAP', ip: '192.168.1.11', os.name: 'Windows 10', os.arch: 'amd64', os.version: '10.0', java.version: '1.8.0_251'
Driver info: org.openqa.selenium.chrome.ChromeDriver
Capabilities {acceptInsecureCerts: false, browserName: chrome, browserVersion: 89.0.4389.114, chrome: {chromedriverVersion: 89.0.4389.23 (61b08ee2c5002..., userDataDir: C:\Users\navee\AppData\Loca...}, goog:chromeOptions: {debuggerAddress: localhost:63602}, javascriptEnabled: true, networkConnectionEnabled: false, pageLoadStrategy: normal, platform: WINDOWS, platformName: WINDOWS, proxy: Proxy(), setWindowRect: true, strictFileInteractability: false, timeouts: {implicit: 0, pageLoad: 300000, script: 30000}, unhandledPromptBehavior: dismiss and notify, webauthn:extension:largeBlob: true, webauthn:virtualAuthenticators: true}
Session ID: cc71b0db8f7d72135996425a5b09d831
*** Element info: {Using=xpath, value=//span[contains(text(),'Learn how to create a Widget')]}]]>
            </message>
            <full-stacktrace>
              <![CDATA[org.openqa.selenium.NoSuchElementException: no such element: Unable to locate element: {"method":"xpath","selector":"//span[contains(text(),'Learn how to create a Widget')]"}
  (Session info: chrome=89.0.4389.114)
For documentation on this error, please visit: https://www.seleniumhq.org/exceptions/no_such_element.html
Build info: version: '3.141.59', revision: 'e82be7d358', time: '2018-11-14T08:17:03'
System info: host: 'LAPTOP-M4N4JHAP', ip: '192.168.1.11', os.name: 'Windows 10', os.arch: 'amd64', os.version: '10.0', java.version: '1.8.0_251'
Driver info: org.openqa.selenium.chrome.ChromeDriver
Capabilities {acceptInsecureCerts: false, browserName: chrome, browserVersion: 89.0.4389.114, chrome: {chromedriverVersion: 89.0.4389.23 (61b08ee2c5002..., userDataDir: C:\Users\navee\AppData\Loca...}, goog:chromeOptions: {debuggerAddress: localhost:63602}, javascriptEnabled: true, networkConnectionEnabled: false, pageLoadStrategy: normal, platform: WINDOWS, platformName: WINDOWS, proxy: Proxy(), setWindowRect: true, strictFileInteractability: false, timeouts: {implicit: 0, pageLoad: 300000, script: 30000}, unhandledPromptBehavior: dismiss and notify, webauthn:extension:largeBlob: true, webauthn:virtualAuthenticators: true}
Session ID: cc71b0db8f7d72135996425a5b09d831
*** Element info: {Using=xpath, value=//span[contains(text(),'Learn how to create a Widget')]}
at sun.reflect.NativeConstructorAccessorImpl.newInstance0(Native Method)
at sun.reflect.NativeConstructorAccessorImpl.newInstance(NativeConstructorAccessorImpl.java:62)
at sun.reflect.DelegatingConstructorAccessorImpl.newInstance(DelegatingConstructorAccessorImpl.java:45)
at java.lang.reflect.Constructor.newInstance(Constructor.java:423)
at org.openqa.selenium.remote.http.W3CHttpResponseCodec.createException(W3CHttpResponseCodec.java:187)
at org.openqa.selenium.remote.http.W3CHttpResponseCodec.decode(W3CHttpResponseCodec.java:122)
at org.openqa.selenium.remote.http.W3CHttpResponseCodec.decode(W3CHttpResponseCodec.java:49)
at org.openqa.selenium.remote.HttpCommandExecutor.execute(HttpCommandExecutor.java:158)
at org.openqa.selenium.remote.service.DriverCommandExecutor.execute(DriverCommandExecutor.java:83)
at org.openqa.selenium.remote.RemoteWebDriver.execute(RemoteWebDriver.java:552)
at org.openqa.selenium.remote.RemoteWebDriver.findElement(RemoteWebDriver.java:323)
at org.openqa.selenium.remote.RemoteWebDriver.findElementByXPath(RemoteWebDriver.java:428)
at org.openqa.selenium.By$ByXPath.findElement(By.java:353)
at org.openqa.selenium.remote.RemoteWebDriver.findElement(RemoteWebDriver.java:315)
at pageObject.DashBoardPage.getlinktoAddWidget(DashBoardPage.java:91)
at Acacemy.UnHappyTests5.Links(UnHappyTests5.java:53)
at sun.reflect.NativeMethodAccessorImpl.invoke0(Native Method)
at sun.reflect.NativeMethodAccessorImpl.invoke(NativeMethodAccessorImpl.java:62)
at sun.reflect.DelegatingMethodAccessorImpl.invoke(DelegatingMethodAccessorImpl.java:43)
at java.lang.reflect.Method.invoke(Method.java:498)
at org.testng.internal.MethodInvocationHelper.invokeMethod(MethodInvocationHelper.java:132)
at org.testng.internal.TestInvoker.invokeMethod(TestInvoker.java:599)
at org.testng.internal.TestInvoker.invokeTestMethod(TestInvoker.java:174)
at org.testng.internal.MethodRunner.runInSequence(MethodRunner.java:46)
at org.testng.internal.TestInvoker$MethodInvocationAgent.invoke(TestInvoker.java:822)
at org.testng.internal.TestInvoker.invokeTestMethods(TestInvoker.java:147)
at org.testng.internal.TestMethodWorker.invokeTestMethods(TestMethodWorker.java:146)
at org.testng.internal.TestMethodWorker.run(TestMethodWorker.java:128)
at java.util.ArrayList.forEach(ArrayList.java:1257)
at org.testng.TestRunner.privateRun(TestRunner.java:764)
at org.testng.TestRunner.run(TestRunner.java:585)
at org.testng.SuiteRunner.runTest(SuiteRunner.java:384)
at org.testng.SuiteRunner.access$000(SuiteRunner.java:28)
at org.testng.SuiteRunner$SuiteWorker.run(SuiteRunner.java:425)
at org.testng.internal.thread.ThreadUtil.lambda$execute$0(ThreadUtil.java:66)
at java.util.concurrent.FutureTask.run(FutureTask.java:266)
at java.util.concurrent.ThreadPoolExecutor.runWorker(ThreadPoolExecutor.java:1149)
at java.util.concurrent.ThreadPoolExecutor$Worker.run(ThreadPoolExecutor.java:624)
at java.lang.Thread.run(Thread.java:748)
]]>
            </full-stacktrace>
          </exception> <!-- org.openqa.selenium.NoSuchElementException -->
          <reporter-output>
          </reporter-output>
        </test-method> <!-- Links -->
        <test-method status="FAIL" signature="Teardown()[pri:0, instance:Acacemy.UnHappyTests5@6c4906d3]" name="Teardown" is-config="true" duration-ms="10318" started-at="2021-04-04T23:39:28 IST" finished-at="2021-04-04T23:39:38 IST">
          <exception class="org.openqa.selenium.ElementNotInteractableException">
            <message>
              <![CDATA[element not interactable
  (Session info: chrome=89.0.4389.114)
Build info: version: '3.141.59', revision: 'e82be7d358', time: '2018-11-14T08:17:03'
System info: host: 'LAPTOP-M4N4JHAP', ip: '192.168.1.11', os.name: 'Windows 10', os.arch: 'amd64', os.version: '10.0', java.version: '1.8.0_251'
Driver info: org.openqa.selenium.chrome.ChromeDriver
Capabilities {acceptInsecureCerts: false, browserName: chrome, browserVersion: 89.0.4389.114, chrome: {chromedriverVersion: 89.0.4389.23 (61b08ee2c5002..., userDataDir: C:\Users\navee\AppData\Loca...}, goog:chromeOptions: {debuggerAddress: localhost:63602}, javascriptEnabled: true, networkConnectionEnabled: false, pageLoadStrategy: normal, platform: WINDOWS, platformName: WINDOWS, proxy: Proxy(), setWindowRect: true, strictFileInteractability: false, timeouts: {implicit: 0, pageLoad: 300000, script: 30000}, unhandledPromptBehavior: dismiss and notify, webauthn:extension:largeBlob: true, webauthn:virtualAuthenticators: true}
Session ID: cc71b0db8f7d72135996425a5b09d831]]>
            </message>
            <full-stacktrace>
              <![CDATA[org.openqa.selenium.ElementNotInteractableException: element not interactable
  (Session info: chrome=89.0.4389.114)
Build info: version: '3.141.59', revision: 'e82be7d358', time: '2018-11-14T08:17:03'
System info: host: 'LAPTOP-M4N4JHAP', ip: '192.168.1.11', os.name: 'Windows 10', os.arch: 'amd64', os.version: '10.0', java.version: '1.8.0_251'
Driver info: org.openqa.selenium.chrome.ChromeDriver
Capabilities {acceptInsecureCerts: false, browserName: chrome, browserVersion: 89.0.4389.114, chrome: {chromedriverVersion: 89.0.4389.23 (61b08ee2c5002..., userDataDir: C:\Users\navee\AppData\Loca...}, goog:chromeOptions: {debuggerAddress: localhost:63602}, javascriptEnabled: true, networkConnectionEnabled: false, pageLoadStrategy: normal, platform: WINDOWS, platformName: WINDOWS, proxy: Proxy(), setWindowRect: true, strictFileInteractability: false, timeouts: {implicit: 0, pageLoad: 300000, script: 30000}, unhandledPromptBehavior: dismiss and notify, webauthn:extension:largeBlob: true, webauthn:virtualAuthenticators: true}
Session ID: cc71b0db8f7d72135996425a5b09d831
at sun.reflect.NativeConstructorAccessorImpl.newInstance0(Native Method)
at sun.reflect.NativeConstructorAccessorImpl.newInstance(NativeConstructorAccessorImpl.java:62)
at sun.reflect.DelegatingConstructorAccessorImpl.newInstance(DelegatingConstructorAccessorImpl.java:45)
at java.lang.reflect.Constructor.newInstance(Constructor.java:423)
at org.openqa.selenium.remote.http.W3CHttpResponseCodec.createException(W3CHttpResponseCodec.java:187)
at org.openqa.selenium.remote.http.W3CHttpResponseCodec.decode(W3CHttpResponseCodec.java:122)
at org.openqa.selenium.remote.http.W3CHttpResponseCodec.decode(W3CHttpResponseCodec.java:49)
at org.openqa.selenium.remote.HttpCommandExecutor.execute(HttpCommandExecutor.java:158)
at org.openqa.selenium.remote.service.DriverCommandExecutor.execute(DriverCommandExecutor.java:83)
at org.openqa.selenium.remote.RemoteWebDriver.execute(RemoteWebDriver.java:552)
at org.openqa.selenium.remote.RemoteWebElement.execute(RemoteWebElement.java:285)
at org.openqa.selenium.remote.RemoteWebElement.click(RemoteWebElement.java:84)
at Acacemy.UnHappyTests5.Teardown(UnHappyTests5.java:76)
at sun.reflect.NativeMethodAccessorImpl.invoke0(Native Method)
at sun.reflect.NativeMethodAccessorImpl.invoke(NativeMethodAccessorImpl.java:62)
at sun.reflect.DelegatingMethodAccessorImpl.invoke(DelegatingMethodAccessorImpl.java:43)
at java.lang.reflect.Method.invoke(Method.java:498)
at org.testng.internal.MethodInvocationHelper.invokeMethod(MethodInvocationHelper.java:132)
at org.testng.internal.MethodInvocationHelper.invokeMethodConsideringTimeout(MethodInvocationHelper.java:61)
at org.testng.internal.ConfigInvoker.invokeConfigurationMethod(ConfigInvoker.java:366)
at org.testng.internal.ConfigInvoker.invokeConfigurations(ConfigInvoker.java:320)
at org.testng.TestRunner.invokeTestConfigurations(TestRunner.java:617)
at org.testng.TestRunner.afterRun(TestRunner.java:847)
at org.testng.TestRunner.run(TestRunner.java:588)
at org.testng.SuiteRunner.runTest(SuiteRunner.java:384)
at org.testng.SuiteRunner.access$000(SuiteRunner.java:28)
at org.testng.SuiteRunner$SuiteWorker.run(SuiteRunner.java:425)
at org.testng.internal.thread.ThreadUtil.lambda$execute$0(ThreadUtil.java:66)
at java.util.concurrent.FutureTask.run(FutureTask.java:266)
at java.util.concurrent.ThreadPoolExecutor.runWorker(ThreadPoolExecutor.java:1149)
at java.util.concurrent.ThreadPoolExecutor$Worker.run(ThreadPoolExecutor.java:624)
at java.lang.Thread.run(Thread.java:748)
]]>
            </full-stacktrace>
          </exception> <!-- org.openqa.selenium.ElementNotInteractableException -->
          <reporter-output>
          </reporter-output>
        </test-method> <!-- Teardown -->
      </class> <!-- Acacemy.UnHappyTests5 -->
    </test> <!-- UnHappyScen5 -->
  </suite> <!-- Suite -->
</testng-results>
